GET - GP2 volumes on us-east-1 started!
GET - GP2 volumes on us-east-1 finished!
GET - GP2 volumes on us-east-2 started!
GET - GP2 volumes on us-east-2 finished!
[2024-05-05 11:21:05] GET - GP2 volumes on us-east-1 started!
[2024-05-05 11:21:06] GET - GP2 volumes on us-east-1 finished!
[2024-05-05 11:21:06] GET - GP2 volumes on us-east-2 started!
[2024-05-05 11:21:07] GET - GP2 volumes on us-east-2 finished!
[2024-05-05 11:21:44] GET - GP2 volumes on us-east-2 started!
[2024-05-05 11:21:45] GET - GP2 volumes on us-east-2 finished!
[2024-05-05 11:21:45] GET - GP2 volumes on us-east-1 started!
[2024-05-05 11:21:46] GET - GP2 volumes on us-east-1 finished!
[2024-05-05 11:23:07] GET - GP2 volumes on us-east-1 started!
[2024-05-05 11:23:07] GET - GP2 volumes on us-east-1 finished!
[2024-05-05 11:23:07] GET - GP2 volumes on us-east-2 started!
[2024-05-05 11:23:08] GET - GP2 volumes on us-east-2 finished!
[2024-05-05 11:24:15] GET - GP2 volumes on us-east-1 started!
[2024-05-05 11:24:16] GET - GP2 volumes on us-east-1 finished!
[2024-05-05 11:24:16] data GET - GP2 volumes on us-east-1 finished!
[2024-05-05 11:24:16] data GET - GP2 volumes on us-east-1 finished!
[2024-05-05 11:24:16] GET - GP2 volumes on us-east-2 started!
[2024-05-05 11:24:17] GET - GP2 volumes on us-east-2 finished!
[2024-05-05 11:24:17] data GET - GP2 volumes on us-east-2 finished!
[2024-05-05 11:24:47] GET - GP2 volumes on us-east-2 started!
[2024-05-05 11:24:48] GET - GP2 volumes on us-east-2 finished!
[2024-05-05 11:24:48] Data for GET - GP2 volumes on us-east-2 {'Region': 'us-east-2', 'VolumeId': 'vol-00df48770d38a8190', 'VolumeType': 'gp2'}
[2024-05-05 11:24:48] GET - GP2 volumes on us-east-1 started!
[2024-05-05 11:24:49] GET - GP2 volumes on us-east-1 finished!
[2024-05-05 11:24:49] Data for GET - GP2 volumes on us-east-1 {'Region': 'us-east-1', 'VolumeId': 'vol-09b1bfc03c979570b', 'VolumeType': 'gp2'}
[2024-05-05 11:24:49] Data for GET - GP2 volumes on us-east-1 {'Region': 'us-east-1', 'VolumeId': 'vol-0e10f568654291703', 'VolumeType': 'gp2'}
[2024-05-05 11:25:18] GET - GP2 volumes on us-east-2 started!
[2024-05-05 11:25:18] GET - GP2 volumes on us-east-2 finished!
[2024-05-05 11:25:18] {'Region': 'us-east-2', 'VolumeId': 'vol-00df48770d38a8190', 'VolumeType': 'gp2'}
[2024-05-05 11:25:18] GET - GP2 volumes on us-east-1 started!
[2024-05-05 11:25:19] GET - GP2 volumes on us-east-1 finished!
[2024-05-05 11:25:19] {'Region': 'us-east-1', 'VolumeId': 'vol-09b1bfc03c979570b', 'VolumeType': 'gp2'}
[2024-05-05 11:25:19] {'Region': 'us-east-1', 'VolumeId': 'vol-0e10f568654291703', 'VolumeType': 'gp2'}
[2024-05-05 11:27:04] GET - GP2 volumes on us-east-1 started!
[2024-05-05 11:30:10] GET - GP2 volumes on us-east-1 started!
[2024-05-05 11:30:10] GET - GP2 volumes on us-east-1 finished!
[2024-05-05 11:30:10] {'Region': 'us-east-1', 'VolumeId': 'vol-09b1bfc03c979570b', 'VolumeType': 'gp2'}
[2024-05-05 11:30:10] {'Region': 'us-east-1', 'VolumeId': 'vol-0e10f568654291703', 'VolumeType': 'gp2'}
[2024-05-05 11:30:10] GET - GP2 volumes on us-east-2 started!
[2024-05-05 11:30:11] GET - GP2 volumes on us-east-2 finished!
[2024-05-05 11:30:11] {'Region': 'us-east-2', 'VolumeId': 'vol-00df48770d38a8190', 'VolumeType': 'gp2'}
[2024-05-05 11:33:30] GET - GP2 volumes on us-east-1 started!
[2024-05-05 11:33:31] GET - GP2 volumes on us-east-1 finished!
[2024-05-05 11:33:31] {'Region': 'us-east-1', 'VolumeId': 'vol-09b1bfc03c979570b', 'VolumeType': 'gp2'}
[2024-05-05 11:33:31] {'Region': 'us-east-1', 'VolumeId': 'vol-0e10f568654291703', 'VolumeType': 'gp2'}
[2024-05-05 11:33:31] GET - GP2 volumes on us-east-2 started!
[2024-05-05 11:33:32] GET - GP2 volumes on us-east-2 finished!
[2024-05-05 11:33:32] {'Region': 'us-east-2', 'VolumeId': 'vol-00df48770d38a8190', 'VolumeType': 'gp2'}
[2024-05-05 11:35:05] GET - GP2 volumes on us-east-2 started!
[2024-05-05 11:35:06] GET - GP2 volumes on us-east-2 finished!
[2024-05-05 11:35:06] {'Region': 'us-east-2', 'VolumeId': 'vol-00df48770d38a8190', 'VolumeType': 'gp2'}
[2024-05-05 11:35:06] GET - GP2 volumes on us-east-1 started!
[2024-05-05 11:35:07] GET - GP2 volumes on us-east-1 finished!
[2024-05-05 11:35:07] {'Region': 'us-east-1', 'VolumeId': 'vol-09b1bfc03c979570b', 'VolumeType': 'gp2'}
[2024-05-05 11:35:07] {'Region': 'us-east-1', 'VolumeId': 'vol-0e10f568654291703', 'VolumeType': 'gp2'}
[2024-05-05 11:35:27] GET - GP2 volumes on us-east-1 started!
[2024-05-05 11:35:28] GET - GP2 volumes on us-east-1 finished!
[2024-05-05 11:35:28] {'Region': 'us-east-1', 'VolumeId': 'vol-09b1bfc03c979570b', 'VolumeType': 'gp2'}
[2024-05-05 11:35:28] {'Region': 'us-east-1', 'VolumeId': 'vol-0e10f568654291703', 'VolumeType': 'gp2'}
[2024-05-05 11:35:28] GET - GP2 volumes on us-east-2 started!
[2024-05-05 11:35:28] GET - GP2 volumes on us-east-2 finished!
[2024-05-05 11:35:28] {'Region': 'us-east-2', 'VolumeId': 'vol-00df48770d38a8190', 'VolumeType': 'gp2'}
[2024-05-05 11:35:48] GET - GP2 volumes on  started!
[2024-05-05 11:36:16] GET - GP2 volumes on us-east-3 started!
[2024-05-05 11:36:24] GET - GP2 volumes on us-east-3 finished!
[2024-05-05 11:36:57] GET - GP2 volumes on us-east-3 started!
[2024-05-05 11:38:06] GET - GP2 volumes on us-east-3 started!
[2024-05-05 11:38:10] GET - GP2 volumes on us-east-3 finished!
[2024-05-05 11:39:35] GET - GP2 volumes on us-east-3 started!
[2024-05-05 11:41:35] GET - GP2 volumes on us-east-3 started!
[2024-05-05 11:41:41] GET - GP2 volumes on us-east-1 started!
[2024-05-05 11:41:42] GET - GP2 volumes on us-east-1 finished!
[2024-05-05 11:41:42] {'Region': 'us-east-1', 'VolumeId': 'vol-09b1bfc03c979570b', 'VolumeType': 'gp2'}
[2024-05-05 11:41:42] {'Region': 'us-east-1', 'VolumeId': 'vol-0e10f568654291703', 'VolumeType': 'gp2'}
[2024-05-05 11:47:26] GET - GP2 volumes on us-east-1 started!
[2024-05-05 11:48:01] GET - GP2 volumes on us-east-3 started!
[2024-05-05 11:48:04] GET - GP2 volumes on us-east-1 started!
[2024-05-05 11:48:20] GET - GP2 volumes on us-east-1 started!
[2024-05-05 11:49:04] GET - GP2 volumes on us-east-1 started!
[2024-05-05 11:49:05] GET - GP2 volumes on us-east-1 finished!
[2024-05-05 11:49:05] {'Region': 'us-east-1', 'VolumeId': 'vol-09b1bfc03c979570b', 'VolumeType': 'gp2'}
[2024-05-05 11:49:05] {'Region': 'us-east-1', 'VolumeId': 'vol-0e10f568654291703', 'VolumeType': 'gp2'}
[2024-05-05 11:52:05] GET - Volumes on stopped instances on us-east-1 started!
[2024-05-05 11:52:06] GET - Volumes on stopped instances on us-east-1 finished!
[2024-05-05 11:52:06] {'region': 'us-east-1', 'instance': 'i-020a754a6c5fc202b', 'device': '/dev/xvda', 'volume': 'vol-0e10f568654291703'}
[2024-05-05 11:52:29] GET - Volumes on stopped instances on us-east-2 started!
[2024-05-05 11:52:30] GET - Volumes on stopped instances on us-east-2 finished!
[2024-05-05 11:52:30] GET - Volumes on stopped instances on us-east-1 started!
[2024-05-05 11:52:31] GET - Volumes on stopped instances on us-east-1 finished!
[2024-05-05 11:52:31] {'region': 'us-east-1', 'instance': 'i-020a754a6c5fc202b', 'device': '/dev/xvda', 'volume': 'vol-0e10f568654291703'}
[2024-05-05 11:59:02] GET - Volumes on stopped instances on us-east-1 started!
[2024-05-05 11:59:03] GET - Volumes on stopped instances on us-east-1 finished!
[2024-05-05 11:59:03] {'region': 'us-east-1', 'instance': 'i-020a754a6c5fc202b', 'device': '/dev/xvda', 'volume': 'vol-0e10f568654291703'}
[2024-05-05 12:01:03] GET - Volumes on stopped instances on us-east-1 started!
[2024-05-05 12:01:04] GET - Volumes on stopped instances on us-east-1 finished!
[2024-05-05 12:01:04] {'region': 'us-east-1', 'instance': 'i-020a754a6c5fc202b', 'device': '/dev/xvda', 'volume': 'vol-0e10f568654291703'}
[2024-05-05 12:01:18] GET - Volumes on stopped instances on us-east-1 started!
[2024-05-05 12:01:19] GET - Volumes on stopped instances on us-east-1 finished!
[2024-05-05 12:01:19] {'region': 'us-east-1', 'instance': 'i-020a754a6c5fc202b', 'device': '/dev/xvda', 'volume': 'vol-0e10f568654291703'}
[2024-05-05 12:01:33] GET - Volumes on stopped instances on us-east-1 started!
[2024-05-05 12:01:33] GET - Volumes on stopped instances on us-east-1 finished!
[2024-05-05 12:01:33] {'region': 'us-east-1', 'instance': 'i-020a754a6c5fc202b', 'device': '/dev/xvda', 'volume': 'vol-0e10f568654291703'}
[2024-05-05 12:01:40] GET - Volumes on stopped instances on us-east-1 started!
[2024-05-05 12:01:41] GET - Volumes on stopped instances on us-east-1 finished!
[2024-05-05 12:01:41] {'region': 'us-east-1', 'instance': 'i-020a754a6c5fc202b', 'device': '/dev/xvda', 'volume': 'vol-0e10f568654291703'}
[2024-05-05 12:03:09] GET - Volumes on stopped instances on us-east-1 started!
[2024-05-05 12:03:18] GET - Volumes on stopped instances on us-east-1 started!
[2024-05-05 12:03:38] GET - Volumes on stopped instances on us-east-1 started!
[2024-05-05 12:03:39] GET - Volumes on stopped instances on us-east-1 finished!
[2024-05-05 12:03:39] {'region': 'us-east-1', 'instance': 'i-020a754a6c5fc202b', 'device': '/dev/xvda', 'volume': 'vol-0e10f568654291703'}
[2024-05-05 12:04:00] GET - Volumes on stopped instances on us-east-1 started!
[2024-05-05 12:04:01] GET - Volumes on stopped instances on us-east-1 finished!
[2024-05-05 12:04:01] {'region': 'us-east-1', 'instance': 'i-020a754a6c5fc202b', 'device': '/dev/xvda', 'volume': 'vol-0e10f568654291703'}
[2024-05-05 12:04:50] GET - Volumes on stopped instances on us-east-1 started!
[2024-05-05 12:04:51] GET - Volumes on stopped instances on us-east-1 finished!
[2024-05-05 12:04:51] {'region': 'us-east-1', 'instance': 'i-020a754a6c5fc202b', 'device': '/dev/xvda', 'volume': 'vol-0e10f568654291703'}
[2024-05-05 12:05:24] GET - Volumes on stopped instances on us-east-1 started!
[2024-05-05 12:05:24] GET - Volumes on stopped instances on us-east-1 finished!
[2024-05-05 12:05:24] {'region': 'us-east-1', 'instance': 'i-020a754a6c5fc202b', 'device': '/dev/xvda', 'volume': 'vol-0e10f568654291703'}
[2024-05-05 12:05:48] GET - Volumes on stopped instances on us-east-2 started!
[2024-05-05 12:05:48] GET - Volumes on stopped instances on us-east-2 finished!
[2024-05-05 12:05:48] GET - Volumes on stopped instances on us-east-1 started!
[2024-05-05 12:05:49] GET - Volumes on stopped instances on us-east-1 finished!
[2024-05-05 12:05:49] {'region': 'us-east-1', 'instance': 'i-020a754a6c5fc202b', 'device': '/dev/xvda', 'volume': 'vol-0e10f568654291703'}
[2024-05-05 12:06:45] GET - GP2 volumes on us-east-2 started!
[2024-05-05 12:06:45] GET - GP2 volumes on us-east-2 finished!
[2024-05-05 12:06:45] {'Region': 'us-east-2', 'VolumeId': 'vol-00df48770d38a8190', 'VolumeType': 'gp2'}
[2024-05-05 12:06:45] GET - GP2 volumes on us-east-1 started!
[2024-05-05 12:06:46] GET - GP2 volumes on us-east-1 finished!
[2024-05-05 12:06:46] {'Region': 'us-east-1', 'VolumeId': 'vol-09b1bfc03c979570b', 'VolumeType': 'gp2'}
[2024-05-05 12:06:46] {'Region': 'us-east-1', 'VolumeId': 'vol-0e10f568654291703', 'VolumeType': 'gp2'}
[2024-05-05 12:07:05] GET - GP2 volumes on us-east-1 started!
[2024-05-05 12:07:06] GET - GP2 volumes on us-east-1 finished!
[2024-05-05 12:07:06] {'Region': 'us-east-1', 'VolumeId': 'vol-09b1bfc03c979570b', 'VolumeType': 'gp2'}
[2024-05-05 12:07:06] {'Region': 'us-east-1', 'VolumeId': 'vol-0e10f568654291703', 'VolumeType': 'gp2'}
[2024-05-05 12:07:06] GET - GP2 volumes on us-east-2 started!
[2024-05-05 12:07:07] GET - GP2 volumes on us-east-2 finished!
[2024-05-05 12:07:07] {'Region': 'us-east-2', 'VolumeId': 'vol-00df48770d38a8190', 'VolumeType': 'gp2'}
[2024-05-05 12:07:27] GET - Volumes on stopped instances on us-east-2 started!
[2024-05-05 12:07:27] GET - Volumes on stopped instances on us-east-2 finished!
[2024-05-05 12:07:27] GET - Volumes on stopped instances on us-east-1 started!
[2024-05-05 12:07:28] GET - Volumes on stopped instances on us-east-1 finished!
[2024-05-05 12:07:28] {'region': 'us-east-1', 'instance': 'i-020a754a6c5fc202b', 'device': '/dev/xvda', 'volume': 'vol-0e10f568654291703'}
[2024-05-05 12:14:54] GET - Detached volumes on us-east-1 started!
[2024-05-05 12:14:55] GET - Detached volumes on us-east-1 finished!
[2024-05-05 12:14:55] {'region': 'us-east-1', 'volume': 'vol-09b1bfc03c979570b'}
[2024-05-05 12:14:55] GET - Detached volumes on us-east-2 started!
[2024-05-05 12:14:55] GET - Detached volumes on us-east-2 finished!
[2024-05-05 12:14:55] {'region': 'us-east-2', 'volume': 'vol-00df48770d38a8190'}
[2024-05-05 12:16:58] GET - Detached volumes on us-east-2 started!
[2024-05-05 12:16:59] GET - Detached volumes on us-east-2 finished!
[2024-05-05 12:16:59] {'region': 'us-east-2', 'volume': 'vol-00df48770d38a8190', 'AvailabilityZone': 'us-east-2a', 'VolumeType': 'gp2', 'Size': '1'}
[2024-05-05 12:16:59] GET - Detached volumes on us-east-1 started!
[2024-05-05 12:17:00] GET - Detached volumes on us-east-1 finished!
[2024-05-05 12:17:00] {'region': 'us-east-1', 'volume': 'vol-09b1bfc03c979570b', 'AvailabilityZone': 'us-east-1a', 'VolumeType': 'gp2', 'Size': '1'}
[2024-05-05 14:38:23] GET - Detached volumes on us-east-1 started!
[2024-05-05 14:39:46] GET - Detached volumes on us-east-2 started!
[2024-05-05 14:39:47] GET - Detached volumes on us-east-2 finished!
[2024-05-05 14:39:47] {'region': 'us-east-2', 'volume': 'vol-00df48770d38a8190', 'AvailabilityZone': 'us-east-2a', 'VolumeType': 'gp2', 'Size': '1'}
[2024-05-05 14:39:47] GET - Detached volumes on us-east-1 started!
[2024-05-05 14:39:48] GET - Detached volumes on us-east-1 finished!
[2024-05-05 14:39:48] {'region': 'us-east-1', 'volume': 'vol-09b1bfc03c979570b', 'AvailabilityZone': 'us-east-1a', 'VolumeType': 'gp2', 'Size': '1'}
[2024-05-05 14:39:56] GET - Detached volumes on us-east-2 started!
[2024-05-05 14:39:57] GET - Detached volumes on us-east-2 finished!
[2024-05-05 14:39:57] {'region': 'us-east-2', 'volume': 'vol-00df48770d38a8190', 'AvailabilityZone': 'us-east-2a', 'VolumeType': 'gp2', 'Size': '1'}
[2024-05-05 14:39:57] GET - Detached volumes on us-east-1 started!
[2024-05-05 14:39:58] GET - Detached volumes on us-east-1 finished!
[2024-05-05 14:39:58] {'region': 'us-east-1', 'volume': 'vol-09b1bfc03c979570b', 'AvailabilityZone': 'us-east-1a', 'VolumeType': 'gp2', 'Size': '1'}
[2024-05-05 15:04:10] GET - Detached IP addresses on us-east-1 started!
[2024-05-05 15:04:11] GET - Detached IP addresses on us-east-1 finished!
[2024-05-05 15:04:11] GET - Detached IP addresses on us-east-2 started!
[2024-05-05 15:04:12] GET - Detached IP addresses on us-east-2 finished!
[2024-05-05 15:05:35] GET - Detached IP addresses on us-east-1 started!
[2024-05-05 15:05:36] GET - Detached IP addresses on us-east-1 finished!
[2024-05-05 15:05:36] {'Region': 'us-east-1', 'Address': '54.92.229.131', 'AllocationId': 'eipalloc-0eae55c7a6ea72469'}
[2024-05-05 15:05:36] GET - Detached IP addresses on us-east-2 started!
[2024-05-05 15:05:36] GET - Detached IP addresses on us-east-2 finished!
[2024-05-05 15:06:13] GET - Detached IP addresses on us-east-1 started!
[2024-05-05 15:06:14] GET - Detached IP addresses on us-east-1 finished!
[2024-05-05 15:06:14] {'Region': 'us-east-1', 'Address': '54.92.229.131', 'AllocationId': 'eipalloc-0eae55c7a6ea72469'}
[2024-05-05 15:06:14] GET - Detached IP addresses on us-east-2 started!
[2024-05-05 15:06:15] GET - Detached IP addresses on us-east-2 finished!
[2024-05-05 15:07:25] GET - Volumes on stopped instances on us-east-1 started!
[2024-05-05 15:07:45] GET - Volumes on stopped instances on us-east-1 started!
[2024-05-05 15:07:46] GET - Volumes on stopped instances on us-east-1 finished!
[2024-05-05 15:07:46] {'region': 'us-east-1', 'instance': 'i-020a754a6c5fc202b', 'device': '/dev/xvda', 'volume': 'vol-0e10f568654291703'}
[2024-05-05 15:07:46] GET - Volumes on stopped instances on us-east-2 started!
[2024-05-05 15:07:47] GET - Volumes on stopped instances on us-east-2 finished!
[2024-05-05 15:13:07] GET - Detached IP addresses on us-east-2 started!
[2024-05-05 15:13:08] GET - Detached IP addresses on us-east-2 finished!
[2024-05-05 15:13:08] GET - Detached IP addresses on us-east-1 started!
[2024-05-05 15:13:09] GET - Detached IP addresses on us-east-1 finished!
[2024-05-05 15:13:09] {'Region': 'us-east-1', 'Address': '54.92.229.131', 'AllocationId': 'eipalloc-0eae55c7a6ea72469'}
[2024-05-05 15:13:25] GET - Old snapshots on us-east-2 started!
[2024-05-05 15:13:26] GET - Old snapshots on us-east-2 finished!
[2024-05-05 15:13:26] GET - Old snapshots on us-east-1 started!
[2024-05-05 15:14:29] GET - Detached IP addresses on us-east-2 started!
[2024-05-05 15:14:30] GET - Detached IP addresses on us-east-2 finished!
[2024-05-05 15:14:30] GET - Detached IP addresses on us-east-1 started!
[2024-05-05 15:14:31] GET - Detached IP addresses on us-east-1 finished!
[2024-05-05 15:14:31] {'Region': 'us-east-1', 'Address': '54.92.229.131', 'AllocationId': 'eipalloc-0eae55c7a6ea72469'}
[2024-05-05 15:14:32] GET - Old snapshots on us-east-1 started!
[2024-05-05 15:14:33] GET - Old snapshots on us-east-1 finished!
[2024-05-05 15:14:33] {'Region': 'us-east-1', 'SnapshotId': 'snap-0b7a18717f67ff2bc', 'StartTime': datetime.date(2024, 4, 23)}
[2024-05-05 15:14:33] {'Region': 'us-east-1', 'SnapshotId': 'snap-0066f9e2454704aad', 'StartTime': datetime.date(2024, 4, 23)}
[2024-05-05 15:14:33] GET - Old snapshots on us-east-2 started!
[2024-05-05 15:14:33] GET - Old snapshots on us-east-2 finished!
[2024-05-05 15:15:16] GET - Old snapshots on us-east-1 started!
[2024-05-05 15:15:16] GET - Old snapshots on us-east-1 finished!
[2024-05-05 15:15:16] {'Region': 'us-east-1', 'SnapshotId': 'snap-0b7a18717f67ff2bc', 'StartTime': '2024-04-23'}
[2024-05-05 15:15:16] {'Region': 'us-east-1', 'SnapshotId': 'snap-0066f9e2454704aad', 'StartTime': '2024-04-23'}
[2024-05-05 15:15:16] GET - Old snapshots on us-east-2 started!
[2024-05-05 15:15:17] GET - Old snapshots on us-east-2 finished!
[2024-05-05 15:15:30] GET - Old snapshots on us-east-2 started!
[2024-05-05 15:15:31] GET - Old snapshots on us-east-2 finished!
[2024-05-05 15:15:31] GET - Old snapshots on us-east-1 started!
[2024-05-05 15:15:32] GET - Old snapshots on us-east-1 finished!
[2024-05-05 15:15:32] {'Region': 'us-east-1', 'SnapshotId': 'snap-0b7a18717f67ff2bc', 'StartTime': '2024-04-23'}
[2024-05-05 15:15:32] {'Region': 'us-east-1', 'SnapshotId': 'snap-0066f9e2454704aad', 'StartTime': '2024-04-23'}
[2024-05-05 15:15:42] GET - Old snapshots on us-east-2 started!
[2024-05-05 15:15:43] GET - Old snapshots on us-east-2 finished!
[2024-05-05 15:15:43] GET - Old snapshots on us-east-1 started!
[2024-05-05 15:15:43] GET - Old snapshots on us-east-1 finished!
[2024-05-05 15:17:01] GET - Old snapshots on us-east-2 started!
[2024-05-05 15:17:02] GET - Old snapshots on us-east-2 finished!
[2024-05-05 15:17:02] GET - Old snapshots on us-east-1 started!
[2024-05-05 15:17:03] GET - Old snapshots on us-east-1 finished!
[2024-05-05 15:17:22] GET - Old snapshots on us-east-2 started!
[2024-05-05 15:17:22] GET - Old snapshots on us-east-2 finished!
[2024-05-05 15:17:22] GET - Old snapshots on us-east-1 started!
[2024-05-05 15:17:23] GET - Old snapshots on us-east-1 finished!
[2024-05-05 15:22:06] GET - Old snapshots on us-east-2 started!
[2024-05-05 15:22:07] GET - Old snapshots on us-east-2 finished!
[2024-05-05 15:22:07] GET - Old snapshots on us-east-1 started!
[2024-05-05 15:22:08] GET - Old snapshots on us-east-1 finished!
[2024-05-05 15:22:36] GET - GP2 volumes on us-east-1 started!
[2024-05-05 15:22:37] GET - GP2 volumes on us-east-1 finished!
[2024-05-05 15:22:37] {'Region': 'us-east-1', 'VolumeId': 'vol-09b1bfc03c979570b', 'VolumeType': 'gp2'}
[2024-05-05 15:22:37] {'Region': 'us-east-1', 'VolumeId': 'vol-0e10f568654291703', 'VolumeType': 'gp2'}
[2024-05-05 15:22:37] GET - GP2 volumes on us-east-2 started!
[2024-05-05 15:22:38] GET - GP2 volumes on us-east-2 finished!
[2024-05-05 15:22:38] {'Region': 'us-east-2', 'VolumeId': 'vol-00df48770d38a8190', 'VolumeType': 'gp2'}
[2024-05-05 15:22:56] GET - Old snapshots on us-east-1 started!
[2024-05-05 15:22:57] GET - Old snapshots on us-east-1 finished!
[2024-05-05 15:22:57] GET - Old snapshots on us-east-2 started!
[2024-05-05 15:22:57] GET - Old snapshots on us-east-2 finished!
[2024-05-05 15:23:27] GET - Old snapshots on us-east-1 started!
[2024-05-05 15:23:28] GET - Old snapshots on us-east-1 finished!
[2024-05-05 15:23:28] {'Region': 'us-east-1', 'SnapshotId': 'snap-0b7a18717f67ff2bc', 'StartTime': '2024-04-23'}
[2024-05-05 15:23:28] {'Region': 'us-east-1', 'SnapshotId': 'snap-0066f9e2454704aad', 'StartTime': '2024-04-23'}
[2024-05-05 15:23:28] GET - Old snapshots on us-east-2 started!
[2024-05-05 15:23:29] GET - Old snapshots on us-east-2 finished!
[2024-05-05 15:26:06] GET - Old snapshots on us-east-2 started!
[2024-05-05 15:26:07] GET - Old snapshots on us-east-2 finished!
[2024-05-05 15:26:07] GET - Old snapshots on us-east-1 started!
[2024-05-05 15:26:08] GET - Old snapshots on us-east-1 finished!
[2024-05-05 15:26:08] {'Region': 'us-east-1', 'SnapshotId': 'snap-0b7a18717f67ff2bc', 'StartTime': '2024-04-23'}
[2024-05-05 15:26:08] {'Region': 'us-east-1', 'SnapshotId': 'snap-0066f9e2454704aad', 'StartTime': '2024-04-23'}
[2024-05-05 15:33:33] GET - Old snapshots on us-east-2 started!
[2024-05-05 15:33:33] GET - Old snapshots on us-east-2 finished!
[2024-05-05 15:33:33] GET - Old snapshots on us-east-1 started!
[2024-05-05 15:33:34] GET - Old snapshots on us-east-1 finished!
[2024-05-05 15:33:34] {'Region': 'us-east-1', 'SnapshotId': 'snap-0b7a18717f67ff2bc', 'StartTime': '2024-04-23'}
[2024-05-05 15:33:34] {'Region': 'us-east-1', 'SnapshotId': 'snap-0066f9e2454704aad', 'StartTime': '2024-04-23'}
[2024-05-05 15:33:52] GET - Old snapshots on us-east-2 started!
[2024-05-05 15:33:52] GET - Old snapshots on us-east-2 finished!
[2024-05-05 15:33:52] GET - Old snapshots on us-east-1 started!
[2024-05-05 15:33:53] GET - Old snapshots on us-east-1 finished!
[2024-05-05 15:34:00] GET - Old snapshots on us-east-2 started!
[2024-05-05 15:34:01] GET - Old snapshots on us-east-2 finished!
[2024-05-05 15:34:01] GET - Old snapshots on us-east-1 started!
[2024-05-05 15:34:02] GET - Old snapshots on us-east-1 finished!
[2024-05-05 15:34:02] {'Region': 'us-east-1', 'SnapshotId': 'snap-0b7a18717f67ff2bc', 'StartTime': '2024-04-23'}
[2024-05-05 15:34:02] {'Region': 'us-east-1', 'SnapshotId': 'snap-0066f9e2454704aad', 'StartTime': '2024-04-23'}
[2024-05-05 15:35:46] GET - Old snapshots on us-east-2 started!
[2024-05-05 15:35:47] GET - Old snapshots on us-east-2 finished!
[2024-05-05 15:35:47] GET - Old snapshots on us-east-1 started!
[2024-05-05 15:35:48] GET - Old snapshots on us-east-1 finished!
[2024-05-05 15:35:48] {'Region': 'us-east-1', 'SnapshotId': 'snap-0b7a18717f67ff2bc', 'StartTime': '2024-04-23'}
[2024-05-05 15:35:48] {'Region': 'us-east-1', 'SnapshotId': 'snap-0066f9e2454704aad', 'StartTime': '2024-04-23'}
[2024-05-05 15:35:59] GET - Old snapshots on us-east-1 started!
[2024-05-05 15:36:00] GET - Old snapshots on us-east-1 finished!
[2024-05-05 15:36:00] GET - Old snapshots on us-east-2 started!
[2024-05-05 15:36:00] GET - Old snapshots on us-east-2 finished!
[2024-05-05 15:36:09] GET - Old snapshots on us-east-1 started!
[2024-05-05 15:36:09] GET - Old snapshots on us-east-1 finished!
[2024-05-05 15:36:09] GET - Old snapshots on us-east-2 started!
[2024-05-05 15:36:10] GET - Old snapshots on us-east-2 finished!
[2024-05-05 15:36:16] GET - Old snapshots on us-east-2 started!
[2024-05-05 15:36:17] GET - Old snapshots on us-east-2 finished!
[2024-05-05 15:36:17] GET - Old snapshots on us-east-1 started!
[2024-05-05 15:36:18] GET - Old snapshots on us-east-1 finished!
[2024-05-05 15:36:18] {'Region': 'us-east-1', 'SnapshotId': 'snap-0b7a18717f67ff2bc', 'StartTime': '2024-04-23'}
[2024-05-05 15:36:18] {'Region': 'us-east-1', 'SnapshotId': 'snap-0066f9e2454704aad', 'StartTime': '2024-04-23'}
[2024-05-05 15:37:09] GET - Old snapshots on us-east-1 started!
[2024-05-05 15:37:10] GET - Old snapshots on us-east-1 finished!
[2024-05-05 15:37:10] {'Region': 'us-east-1', 'SnapshotId': 'snap-0b7a18717f67ff2bc', 'StartTime': '2024-04-23'}
[2024-05-05 15:37:10] {'Region': 'us-east-1', 'SnapshotId': 'snap-0066f9e2454704aad', 'StartTime': '2024-04-23'}
[2024-05-05 15:37:10] GET - Old snapshots on us-east-2 started!
[2024-05-05 15:37:10] GET - Old snapshots on us-east-2 finished!
[2024-05-05 15:51:53] GET - Public egress rules on us-east-1 started!
[2024-05-05 15:51:54] GET - Public egress rules on us-east-1 finished!
[2024-05-05 15:52:22] GET - Public egress rules on us-east-1 started!
[2024-05-05 15:52:23] GET - Public egress rules on us-east-1 finished!
[2024-05-05 15:52:23] {'Region': 'us-east-1', 'GroupId': 'sg-0bf4921fb2817908d', 'GroupName': 'launch-wizard-1', 'VpcId': 'vpc-c59600b8'}
[2024-05-05 15:52:23] {'Region': 'us-east-1', 'GroupId': 'sg-4b7b604c', 'GroupName': 'default', 'VpcId': 'vpc-c59600b8'}
[2024-05-05 15:52:23] {'Region': 'us-east-1', 'GroupId': 'sg-03cb7fab9f4f0e6ef', 'GroupName': 'dockerswarm', 'VpcId': 'vpc-c59600b8'}
[2024-05-05 15:52:23] {'Region': 'us-east-1', 'GroupId': 'sg-0b08396ac57b0fe7b', 'GroupName': 'default', 'VpcId': 'vpc-053d4cb279b4bf552'}
[2024-05-05 15:52:23] {'Region': 'us-east-1', 'GroupId': 'sg-0c146d92bfd20f950', 'GroupName': 'docker-swarm', 'VpcId': 'vpc-c59600b8'}
[2024-05-05 15:52:23] {'Region': 'us-east-1', 'GroupId': 'sg-003745f94dafb652d', 'GroupName': 'chappie', 'VpcId': 'vpc-c59600b8'}
[2024-05-05 15:52:23] {'Region': 'us-east-1', 'GroupId': 'sg-03e2c7dba47b51c42', 'GroupName': 'wp_bastion', 'VpcId': 'vpc-053d4cb279b4bf552'}
[2024-05-05 15:54:26] GET - Public egress rules on us-east-1 started!
[2024-05-05 15:54:27] GET - Public egress rules on us-east-1 finished!
[2024-05-05 15:54:27] {'Region': 'us-east-1', 'GroupId': 'sg-0bf4921fb2817908d', 'GroupName': 'launch-wizard-1', 'VpcId': 'vpc-c59600b8'}
[2024-05-05 15:54:27] {'Region': 'us-east-1', 'GroupId': 'sg-4b7b604c', 'GroupName': 'default', 'VpcId': 'vpc-c59600b8'}
[2024-05-05 15:54:27] {'Region': 'us-east-1', 'GroupId': 'sg-03cb7fab9f4f0e6ef', 'GroupName': 'dockerswarm', 'VpcId': 'vpc-c59600b8'}
[2024-05-05 15:54:27] {'Region': 'us-east-1', 'GroupId': 'sg-0b08396ac57b0fe7b', 'GroupName': 'default', 'VpcId': 'vpc-053d4cb279b4bf552'}
[2024-05-05 15:54:27] {'Region': 'us-east-1', 'GroupId': 'sg-0c146d92bfd20f950', 'GroupName': 'docker-swarm', 'VpcId': 'vpc-c59600b8'}
[2024-05-05 15:54:27] {'Region': 'us-east-1', 'GroupId': 'sg-003745f94dafb652d', 'GroupName': 'chappie', 'VpcId': 'vpc-c59600b8'}
[2024-05-05 15:54:27] {'Region': 'us-east-1', 'GroupId': 'sg-03e2c7dba47b51c42', 'GroupName': 'wp_bastion', 'VpcId': 'vpc-053d4cb279b4bf552'}
[2024-05-10 20:18:40] GET - GP2 volumes on all started!
[2024-05-10 21:50:00] GET - Buckets not public access blocked on all started!
[2024-05-10 21:56:27] GET - Buckets not public access block on account started!
[2024-05-10 21:57:09] GET - Buckets not public access block on account started!
[2024-05-10 21:57:24] GET - Buckets not public access block on account finished!
[2024-05-10 21:58:56] GET - Buckets not public access block started!
[2024-05-10 21:59:10] GET - Buckets not public access block on account finished!
[2024-05-10 22:04:36] GET - Buckets not public access block started!
[2024-05-10 22:04:50] GET - Buckets not public access block on account finished!
[2024-05-10 22:06:37] GET - Buckets not public access block started!
[2024-05-10 22:06:50] GET - Buckets not public access block on account finished!
[2024-05-10 22:08:24] GET - Buckets not public access block started!
[2024-05-10 22:08:37] GET - Buckets not public access block on account finished!
[2024-05-10 22:14:53] GET - GP2 volumes on us-east-1 started!
[2024-05-10 22:14:54] GET - GP2 volumes on us-east-1 finished!
[2024-05-10 22:14:54] {'Region': 'us-east-1', 'VolumeId': 'vol-0e10f568654291703', 'VolumeType': 'gp2'}
[2024-05-10 22:14:54] {'Region': 'us-east-1', 'VolumeId': 'vol-09b1bfc03c979570b', 'VolumeType': 'gp2'}
[2024-05-10 22:14:54] GET - GP2 volumes on us-east-2 started!
[2024-05-10 22:14:55] GET - GP2 volumes on us-east-2 finished!
[2024-05-10 22:14:55] {'Region': 'us-east-2', 'VolumeId': 'vol-00df48770d38a8190', 'VolumeType': 'gp2'}
[2024-05-10 22:15:05] GET - GP2 volumes on us-east-1 started!
[2024-05-10 22:15:05] GET - GP2 volumes on us-east-1 finished!
[2024-05-10 22:15:05] {'Region': 'us-east-1', 'VolumeId': 'vol-0e10f568654291703', 'VolumeType': 'gp2'}
[2024-05-10 22:15:05] {'Region': 'us-east-1', 'VolumeId': 'vol-09b1bfc03c979570b', 'VolumeType': 'gp2'}
[2024-05-10 22:15:05] GET - GP2 volumes on us-east-2 started!
[2024-05-10 22:15:06] GET - GP2 volumes on us-east-2 finished!
[2024-05-10 22:15:06] {'Region': 'us-east-2', 'VolumeId': 'vol-00df48770d38a8190', 'VolumeType': 'gp2'}
[2024-05-10 22:15:06] GET - Volumes on stopped instances on us-east-1 started!
[2024-05-10 22:15:07] GET - Volumes on stopped instances on us-east-1 finished!
[2024-05-10 22:15:07] {'region': 'us-east-1', 'instance': 'i-020a754a6c5fc202b', 'device': '/dev/xvda', 'volume': 'vol-0e10f568654291703'}
[2024-05-10 22:15:07] GET - Volumes on stopped instances on us-east-2 started!
[2024-05-10 22:15:08] GET - Volumes on stopped instances on us-east-2 finished!
[2024-05-10 22:15:08] GET - Detached volumes on us-east-1 started!
[2024-05-10 22:15:08] GET - Detached volumes on us-east-1 finished!
[2024-05-10 22:15:08] {'region': 'us-east-1', 'volume': 'vol-09b1bfc03c979570b', 'AvailabilityZone': 'us-east-1a', 'VolumeType': 'gp2', 'Size': '1'}
[2024-05-10 22:15:08] GET - Detached volumes on us-east-2 started!
[2024-05-10 22:15:09] GET - Detached volumes on us-east-2 finished!
[2024-05-10 22:15:09] {'region': 'us-east-2', 'volume': 'vol-00df48770d38a8190', 'AvailabilityZone': 'us-east-2a', 'VolumeType': 'gp2', 'Size': '1'}
[2024-05-10 22:15:09] GET - Detached IP addresses on us-east-1 started!
[2024-05-10 22:15:10] GET - Detached IP addresses on us-east-1 finished!
[2024-05-10 22:15:10] {'Region': 'us-east-1', 'Address': '54.92.229.131', 'AllocationId': 'eipalloc-0eae55c7a6ea72469'}
[2024-05-10 22:15:10] GET - Detached IP addresses on us-east-2 started!
[2024-05-10 22:15:10] GET - Detached IP addresses on us-east-2 finished!
[2024-05-10 22:15:10] GET - Old snapshots on us-east-1 started!
[2024-05-10 22:15:11] GET - Old snapshots on us-east-1 finished!
[2024-05-10 22:15:11] {'Region': 'us-east-1', 'SnapshotId': 'snap-0b7a18717f67ff2bc', 'StartTime': '2024-04-23'}
[2024-05-10 22:15:11] {'Region': 'us-east-1', 'SnapshotId': 'snap-0066f9e2454704aad', 'StartTime': '2024-04-23'}
[2024-05-10 22:15:11] GET - Old snapshots on us-east-2 started!
[2024-05-10 22:15:12] GET - Old snapshots on us-east-2 finished!
[2024-05-10 22:18:04] GET - GP2 volumes on sa-east-1 started!
[2024-05-10 22:18:04] GET - GP2 volumes on sa-east-1 finished!
[2024-05-10 22:18:04] {'Region': 'sa-east-1', 'VolumeId': 'vol-0a7557027c7137850', 'VolumeType': 'gp2'}
[2024-05-10 22:18:04] GET - GP2 volumes on us-east-2 started!
[2024-05-10 22:18:05] GET - GP2 volumes on us-east-2 finished!
[2024-05-10 22:18:05] {'Region': 'us-east-2', 'VolumeId': 'vol-00df48770d38a8190', 'VolumeType': 'gp2'}
[2024-05-10 22:18:05] GET - GP2 volumes on us-east-1 started!
[2024-05-10 22:18:06] GET - GP2 volumes on us-east-1 finished!
[2024-05-10 22:18:06] {'Region': 'us-east-1', 'VolumeId': 'vol-0e10f568654291703', 'VolumeType': 'gp2'}
[2024-05-10 22:18:06] {'Region': 'us-east-1', 'VolumeId': 'vol-09b1bfc03c979570b', 'VolumeType': 'gp2'}
[2024-05-10 22:18:06] GET - Volumes on stopped instances on sa-east-1 started!
[2024-05-10 22:18:06] GET - Volumes on stopped instances on sa-east-1 finished!
[2024-05-10 22:18:06] GET - Volumes on stopped instances on us-east-2 started!
[2024-05-10 22:18:07] GET - Volumes on stopped instances on us-east-2 finished!
[2024-05-10 22:18:07] GET - Volumes on stopped instances on us-east-1 started!
[2024-05-10 22:18:08] GET - Volumes on stopped instances on us-east-1 finished!
[2024-05-10 22:18:08] {'region': 'us-east-1', 'instance': 'i-020a754a6c5fc202b', 'device': '/dev/xvda', 'volume': 'vol-0e10f568654291703'}
[2024-05-10 22:18:08] GET - Detached volumes on sa-east-1 started!
[2024-05-10 22:18:08] GET - Detached volumes on sa-east-1 finished!
[2024-05-10 22:18:08] {'region': 'sa-east-1', 'volume': 'vol-0a7557027c7137850', 'AvailabilityZone': 'sa-east-1a', 'VolumeType': 'gp2', 'Size': '1'}
[2024-05-10 22:18:08] GET - Detached volumes on us-east-2 started!
[2024-05-10 22:18:09] GET - Detached volumes on us-east-2 finished!
[2024-05-10 22:18:09] {'region': 'us-east-2', 'volume': 'vol-00df48770d38a8190', 'AvailabilityZone': 'us-east-2a', 'VolumeType': 'gp2', 'Size': '1'}
[2024-05-10 22:18:09] GET - Detached volumes on us-east-1 started!
[2024-05-10 22:18:09] GET - Detached volumes on us-east-1 finished!
[2024-05-10 22:18:09] {'region': 'us-east-1', 'volume': 'vol-09b1bfc03c979570b', 'AvailabilityZone': 'us-east-1a', 'VolumeType': 'gp2', 'Size': '1'}
[2024-05-10 22:18:09] GET - Detached IP addresses on sa-east-1 started!
[2024-05-10 22:18:10] GET - Detached IP addresses on sa-east-1 finished!
[2024-05-10 22:18:10] GET - Detached IP addresses on us-east-2 started!
[2024-05-10 22:18:10] GET - Detached IP addresses on us-east-2 finished!
[2024-05-10 22:18:10] GET - Detached IP addresses on us-east-1 started!
[2024-05-10 22:18:11] GET - Detached IP addresses on us-east-1 finished!
[2024-05-10 22:18:11] {'Region': 'us-east-1', 'Address': '54.92.229.131', 'AllocationId': 'eipalloc-0eae55c7a6ea72469'}
[2024-05-10 22:18:11] GET - Old snapshots on sa-east-1 started!
[2024-05-10 22:18:11] GET - Old snapshots on sa-east-1 finished!
[2024-05-10 22:18:11] GET - Old snapshots on us-east-2 started!
[2024-05-10 22:18:12] GET - Old snapshots on us-east-2 finished!
[2024-05-10 22:18:12] GET - Old snapshots on us-east-1 started!
[2024-05-10 22:18:13] GET - Old snapshots on us-east-1 finished!
[2024-05-10 22:18:13] {'Region': 'us-east-1', 'SnapshotId': 'snap-0b7a18717f67ff2bc', 'StartTime': '2024-04-23'}
[2024-05-10 22:18:13] {'Region': 'us-east-1', 'SnapshotId': 'snap-0066f9e2454704aad', 'StartTime': '2024-04-23'}
[2024-05-10 22:22:29] GET - GP2 volumes on us-east-2 started!
[2024-05-10 22:22:30] GET - GP2 volumes on us-east-2 finished!
[2024-05-10 22:22:30] {'Region': 'us-east-2', 'VolumeId': 'vol-00df48770d38a8190', 'VolumeType': 'gp2'}
[2024-05-10 22:22:30] GET - GP2 volumes on us-east-1 started!
[2024-05-10 22:22:31] GET - GP2 volumes on us-east-1 finished!
[2024-05-10 22:22:31] {'Region': 'us-east-1', 'VolumeId': 'vol-0e10f568654291703', 'VolumeType': 'gp2'}
[2024-05-10 22:22:31] {'Region': 'us-east-1', 'VolumeId': 'vol-09b1bfc03c979570b', 'VolumeType': 'gp2'}
[2024-05-10 22:22:31] GET - Volumes on stopped instances on us-east-2 started!
[2024-05-10 22:22:32] GET - Volumes on stopped instances on us-east-2 finished!
[2024-05-10 22:22:32] GET - Volumes on stopped instances on us-east-1 started!
[2024-05-10 22:22:33] GET - Volumes on stopped instances on us-east-1 finished!
[2024-05-10 22:22:33] {'region': 'us-east-1', 'instance': 'i-020a754a6c5fc202b', 'device': '/dev/xvda', 'volume': 'vol-0e10f568654291703'}
[2024-05-10 22:22:33] GET - Detached volumes on us-east-2 started!
[2024-05-10 22:22:33] GET - Detached volumes on us-east-2 finished!
[2024-05-10 22:22:33] {'region': 'us-east-2', 'volume': 'vol-00df48770d38a8190', 'AvailabilityZone': 'us-east-2a', 'VolumeType': 'gp2', 'Size': '1'}
[2024-05-10 22:22:33] GET - Detached volumes on us-east-1 started!
[2024-05-10 22:22:34] GET - Detached volumes on us-east-1 finished!
[2024-05-10 22:22:34] {'region': 'us-east-1', 'volume': 'vol-09b1bfc03c979570b', 'AvailabilityZone': 'us-east-1a', 'VolumeType': 'gp2', 'Size': '1'}
[2024-05-10 22:22:34] GET - Detached IP addresses on us-east-2 started!
[2024-05-10 22:22:35] GET - Detached IP addresses on us-east-2 finished!
[2024-05-10 22:22:35] GET - Detached IP addresses on us-east-1 started!
[2024-05-10 22:22:36] GET - Detached IP addresses on us-east-1 finished!
[2024-05-10 22:22:36] {'Region': 'us-east-1', 'Address': '54.92.229.131', 'AllocationId': 'eipalloc-0eae55c7a6ea72469'}
[2024-05-10 22:22:36] GET - Old snapshots on us-east-2 started!
[2024-05-10 22:22:36] GET - Old snapshots on us-east-2 finished!
[2024-05-10 22:22:36] GET - Old snapshots on us-east-1 started!
[2024-05-10 22:22:37] GET - Old snapshots on us-east-1 finished!
[2024-05-10 22:22:37] {'Region': 'us-east-1', 'SnapshotId': 'snap-0b7a18717f67ff2bc', 'StartTime': '2024-04-23'}
[2024-05-10 22:22:37] {'Region': 'us-east-1', 'SnapshotId': 'snap-0066f9e2454704aad', 'StartTime': '2024-04-23'}
